{"/home/berilo/dev/ci-test-fc-js/index.js": {"path":"/home/berilo/dev/ci-test-fc-js/index.js","statementMap":{"0":{"start":{"line":2,"column":14},"end":{"line":2,"column":144}},"1":{"start":{"line":4,"column":15},"end":{"line":10,"column":1}},"2":{"start":{"line":13,"column":14},"end":{"line":13,"column":15}},"3":{"start":{"line":14,"column":14},"end":{"line":14,"column":15}},"4":{"start":{"line":15,"column":13},"end":{"line":15,"column":14}},"5":{"start":{"line":16,"column":16},"end":{"line":16,"column":17}},"6":{"start":{"line":17,"column":16},"end":{"line":17,"column":17}},"7":{"start":{"line":18,"column":2},"end":{"line":20,"column":3}},"8":{"start":{"line":19,"column":4},"end":{"line":19,"column":21}},"9":{"start":{"line":21,"column":2},"end":{"line":23,"column":3}},"10":{"start":{"line":22,"column":4},"end":{"line":22,"column":21}},"11":{"start":{"line":24,"column":2},"end":{"line":26,"column":3}},"12":{"start":{"line":25,"column":4},"end":{"line":25,"column":20}},"13":{"start":{"line":27,"column":2},"end":{"line":29,"column":3}},"14":{"start":{"line":28,"column":4},"end":{"line":28,"column":16}},"15":{"start":{"line":30,"column":2},"end":{"line":32,"column":3}},"16":{"start":{"line":31,"column":4},"end":{"line":31,"column":16}},"17":{"start":{"line":33,"column":2},"end":{"line":35,"column":3}},"18":{"start":{"line":34,"column":4},"end":{"line":34,"column":13}},"19":{"start":{"line":36,"column":2},"end":{"line":38,"column":3}},"20":{"start":{"line":37,"column":4},"end":{"line":37,"column":19}},"21":{"start":{"line":39,"column":2},"end":{"line":41,"column":3}},"22":{"start":{"line":40,"column":4},"end":{"line":40,"column":19}},"23":{"start":{"line":46,"column":2},"end":{"line":46,"column":10}},"24":{"start":{"line":49,"column":0},"end":{"line":49,"column":35}}},"fnMap":{"0":{"name":"whatIsTriadAccord","decl":{"start":{"line":12,"column":9},"end":{"line":12,"column":26}},"loc":{"start":{"line":12,"column":36},"end":{"line":42,"column":1}},"line":12},"1":{"name":"verifyWithAnyOrder","decl":{"start":{"line":45,"column":9},"end":{"line":45,"column":27}},"loc":{"start":{"line":45,"column":37},"end":{"line":47,"column":1}},"line":45}},"branchMap":{"0":{"loc":{"start":{"line":18,"column":2},"end":{"line":20,"column":3}},"type":"if","locations":[{"start":{"line":18,"column":2},"end":{"line":20,"column":3}},{"start":{},"end":{}}],"line":18},"1":{"loc":{"start":{"line":21,"column":2},"end":{"line":23,"column":3}},"type":"if","locations":[{"start":{"line":21,"column":2},"end":{"line":23,"column":3}},{"start":{},"end":{}}],"line":21},"2":{"loc":{"start":{"line":24,"column":2},"end":{"line":26,"column":3}},"type":"if","locations":[{"start":{"line":24,"column":2},"end":{"line":26,"column":3}},{"start":{},"end":{}}],"line":24},"3":{"loc":{"start":{"line":27,"column":2},"end":{"line":29,"column":3}},"type":"if","locations":[{"start":{"line":27,"column":2},"end":{"line":29,"column":3}},{"start":{},"end":{}}],"line":27},"4":{"loc":{"start":{"line":30,"column":2},"end":{"line":32,"column":3}},"type":"if","locations":[{"start":{"line":30,"column":2},"end":{"line":32,"column":3}},{"start":{},"end":{}}],"line":30},"5":{"loc":{"start":{"line":33,"column":2},"end":{"line":35,"column":3}},"type":"if","locations":[{"start":{"line":33,"column":2},"end":{"line":35,"column":3}},{"start":{},"end":{}}],"line":33},"6":{"loc":{"start":{"line":33,"column":6},"end":{"line":33,"column":125}},"type":"binary-expr","locations":[{"start":{"line":33,"column":6},"end":{"line":33,"column":63}},{"start":{"line":33,"column":67},"end":{"line":33,"column":125}}],"line":33},"7":{"loc":{"start":{"line":36,"column":2},"end":{"line":38,"column":3}},"type":"if","locations":[{"start":{"line":36,"column":2},"end":{"line":38,"column":3}},{"start":{},"end":{}}],"line":36},"8":{"loc":{"start":{"line":36,"column":6},"end":{"line":36,"column":125}},"type":"binary-expr","locations":[{"start":{"line":36,"column":6},"end":{"line":36,"column":63}},{"start":{"line":36,"column":67},"end":{"line":36,"column":125}}],"line":36},"9":{"loc":{"start":{"line":39,"column":2},"end":{"line":41,"column":3}},"type":"if","locations":[{"start":{"line":39,"column":2},"end":{"line":41,"column":3}},{"start":{},"end":{}}],"line":39},"10":{"loc":{"start":{"line":39,"column":6},"end":{"line":39,"column":125}},"type":"binary-expr","locations":[{"start":{"line":39,"column":6},"end":{"line":39,"column":63}},{"start":{"line":39,"column":67},"end":{"line":39,"column":125}}],"line":39}},"s":{"0":1,"1":1,"2":16,"3":16,"4":16,"5":16,"6":16,"7":16,"8":3,"9":16,"10":0,"11":16,"12":3,"13":16,"14":0,"15":16,"16":4,"17":16,"18":5,"19":11,"20":5,"21":6,"22":3,"23":0,"24":1},"f":{"0":16,"1":0},"b":{"0":[3,13],"1":[0,16],"2":[3,13],"3":[0,16],"4":[4,12],"5":[5,11],"6":[16,11],"7":[5,6],"8":[11,6],"9":[3,3],"10":[6,4]},"_coverageSchema":"1a1c01bbd47fc00a2c39e90264f33305004495a9","hash":"af711b74ecd0b866d8b5de3502288c69c471cbf6"}
}
