TN:
SF:index.js
FN:12,whatIsTriadAccord
FN:45,verifyWithAnyOrder
FNF:2
FNH:1
FNDA:16,whatIsTriadAccord
FNDA:0,verifyWithAnyOrder
DA:2,1
DA:4,1
DA:13,16
DA:14,16
DA:15,16
DA:16,16
DA:17,16
DA:18,16
DA:19,3
DA:21,16
DA:22,0
DA:24,16
DA:25,3
DA:27,16
DA:28,0
DA:30,16
DA:31,4
DA:33,16
DA:34,5
DA:36,11
DA:37,5
DA:39,6
DA:40,3
DA:46,0
DA:49,1
LF:25
LH:22
BRDA:18,0,0,3
BRDA:18,0,1,13
BRDA:21,1,0,0
BRDA:21,1,1,16
BRDA:24,2,0,3
BRDA:24,2,1,13
BRDA:27,3,0,0
BRDA:27,3,1,16
BRDA:30,4,0,4
BRDA:30,4,1,12
BRDA:33,5,0,5
BRDA:33,5,1,11
BRDA:33,6,0,16
BRDA:33,6,1,11
BRDA:36,7,0,5
BRDA:36,7,1,6
BRDA:36,8,0,11
BRDA:36,8,1,6
BRDA:39,9,0,3
BRDA:39,9,1,3
BRDA:39,10,0,6
BRDA:39,10,1,4
BRF:22
BRH:20
end_of_record
